<object-stream>
<org.drools.core.audit.WorkingMemoryLog>
  <version>6.1</version>
  <events>
    <org.drools.core.audit.event.ObjectLogEvent>
      <type>1</type>
      <factId>1</factId>
      <objectToString>dsi.Person@4016ccc1</objectToString>
    </org.drools.core.audit.event.ObjectLogEvent>
    <org.drools.core.audit.event.ObjectLogEvent>
      <type>1</type>
      <factId>2</factId>
      <objectToString>dsi.Person@38b5f25</objectToString>
    </org.drools.core.audit.event.ObjectLogEvent>
    <org.drools.core.audit.event.ActivationLogEvent>
      <type>4</type>
      <activationId>Imprimir personas [1]</activationId>
      <rule>Imprimir personas</rule>
      <declarations>$p=dsi.Person@4016ccc1</declarations>
      <factHandleIds>1</factHandleIds>
    </org.drools.core.audit.event.ActivationLogEvent>
    <org.drools.core.audit.event.ActivationLogEvent>
      <type>4</type>
      <activationId>Constraint adult [1]</activationId>
      <rule>Constraint adult</rule>
      <declarations>$p=dsi.Person@4016ccc1</declarations>
      <factHandleIds>1</factHandleIds>
    </org.drools.core.audit.event.ActivationLogEvent>
    <org.drools.core.audit.event.ActivationLogEvent>
      <type>4</type>
      <activationId>Imprimir personas [2]</activationId>
      <rule>Imprimir personas</rule>
      <declarations>$p=dsi.Person@38b5f25</declarations>
      <factHandleIds>2</factHandleIds>
    </org.drools.core.audit.event.ActivationLogEvent>
    <org.drools.core.audit.event.ActivationLogEvent>
      <type>4</type>
      <activationId>Constraint adult [2]</activationId>
      <rule>Constraint adult</rule>
      <declarations>$p=dsi.Person@38b5f25</declarations>
      <factHandleIds>2</factHandleIds>
    </org.drools.core.audit.event.ActivationLogEvent>
    <org.drools.core.audit.event.ActivationLogEvent>
      <type>6</type>
      <activationId>Constraint adult [1]</activationId>
      <rule>Constraint adult</rule>
      <declarations>$p=dsi.Person@4016ccc1</declarations>
      <factHandleIds>1</factHandleIds>
    </org.drools.core.audit.event.ActivationLogEvent>
    <org.drools.core.audit.event.ObjectLogEvent>
      <type>2</type>
      <factId>1</factId>
      <objectToString>dsi.Person@4016ccc1</objectToString>
    </org.drools.core.audit.event.ObjectLogEvent>
    <org.drools.core.audit.event.ActivationLogEvent>
      <type>7</type>
      <activationId>Constraint adult [1]</activationId>
      <rule>Constraint adult</rule>
      <declarations>$p=dsi.Person@4016ccc1</declarations>
      <factHandleIds>1</factHandleIds>
    </org.drools.core.audit.event.ActivationLogEvent>
    <org.drools.core.audit.event.ActivationLogEvent>
      <type>6</type>
      <activationId>Constraint adult [2]</activationId>
      <rule>Constraint adult</rule>
      <declarations>$p=dsi.Person@38b5f25</declarations>
      <factHandleIds>2</factHandleIds>
    </org.drools.core.audit.event.ActivationLogEvent>
    <org.drools.core.audit.event.ObjectLogEvent>
      <type>2</type>
      <factId>2</factId>
      <objectToString>dsi.Person@38b5f25</objectToString>
    </org.drools.core.audit.event.ObjectLogEvent>
    <org.drools.core.audit.event.ActivationLogEvent>
      <type>7</type>
      <activationId>Constraint adult [2]</activationId>
      <rule>Constraint adult</rule>
      <declarations>$p=dsi.Person@38b5f25</declarations>
      <factHandleIds>2</factHandleIds>
    </org.drools.core.audit.event.ActivationLogEvent>
    <org.drools.core.audit.event.ActivationLogEvent>
      <type>6</type>
      <activationId>Imprimir personas [1]</activationId>
      <rule>Imprimir personas</rule>
      <declarations>$p=dsi.Person@4016ccc1</declarations>
      <factHandleIds>1</factHandleIds>
    </org.drools.core.audit.event.ActivationLogEvent>
    <org.drools.core.audit.event.ActivationLogEvent>
      <type>7</type>
      <activationId>Imprimir personas [1]</activationId>
      <rule>Imprimir personas</rule>
      <declarations>$p=dsi.Person@4016ccc1</declarations>
      <factHandleIds>1</factHandleIds>
    </org.drools.core.audit.event.ActivationLogEvent>
    <org.drools.core.audit.event.ActivationLogEvent>
      <type>6</type>
      <activationId>Imprimir personas [2]</activationId>
      <rule>Imprimir personas</rule>
      <declarations>$p=dsi.Person@38b5f25</declarations>
      <factHandleIds>2</factHandleIds>
    </org.drools.core.audit.event.ActivationLogEvent>
    <org.drools.core.audit.event.ActivationLogEvent>
      <type>7</type>
      <activationId>Imprimir personas [2]</activationId>
      <rule>Imprimir personas</rule>
      <declarations>$p=dsi.Person@38b5f25</declarations>
      <factHandleIds>2</factHandleIds>
    </org.drools.core.audit.event.ActivationLogEvent>
  </events>
</org.drools.core.audit.WorkingMemoryLog>
</object-stream>
<org.drools.core.audit.WorkingMemoryLog>
  <version>6.1</version>
  <events/>
</org.drools.core.audit.WorkingMemoryLog>
</object-stream>
