<object-stream>
<org.drools.core.audit.WorkingMemoryLog>
  <version>6.1</version>
  <events>
    <org.drools.core.audit.event.ObjectLogEvent>
      <type>1</type>
      <factId>1</factId>
      <objectToString>Cabeza</objectToString>
    </org.drools.core.audit.event.ObjectLogEvent>
    <org.drools.core.audit.event.ObjectLogEvent>
      <type>1</type>
      <factId>2</factId>
      <objectToString>Casco</objectToString>
    </org.drools.core.audit.event.ObjectLogEvent>
    <org.drools.core.audit.event.ObjectLogEvent>
      <type>1</type>
      <factId>3</factId>
      <objectToString>Hoz Acero</objectToString>
    </org.drools.core.audit.event.ObjectLogEvent>
    <org.drools.core.audit.event.ObjectLogEvent>
      <type>1</type>
      <factId>4</factId>
      <objectToString>Mapa Grayas</objectToString>
    </org.drools.core.audit.event.ObjectLogEvent>
    <org.drools.core.audit.event.ObjectLogEvent>
      <type>1</type>
      <factId>5</factId>
      <objectToString>Mapa Ninfas</objectToString>
    </org.drools.core.audit.event.ObjectLogEvent>
    <org.drools.core.audit.event.ObjectLogEvent>
      <type>1</type>
      <factId>6</factId>
      <objectToString>Ojo Graya</objectToString>
    </org.drools.core.audit.event.ObjectLogEvent>
    <org.drools.core.audit.event.ObjectLogEvent>
      <type>1</type>
      <factId>7</factId>
      <objectToString>Sandalias</objectToString>
    </org.drools.core.audit.event.ObjectLogEvent>
    <org.drools.core.audit.event.ObjectLogEvent>
      <type>1</type>
      <factId>8</factId>
      <objectToString>Zurron Magico</objectToString>
    </org.drools.core.audit.event.ObjectLogEvent>
    <org.drools.core.audit.event.ObjectLogEvent>
      <type>1</type>
      <factId>9</factId>
      <objectToString>Escudo</objectToString>
    </org.drools.core.audit.event.ObjectLogEvent>
    <org.drools.core.audit.event.ObjectLogEvent>
      <type>1</type>
      <factId>10</factId>
      <objectToString>Zeus</objectToString>
    </org.drools.core.audit.event.ObjectLogEvent>
    <org.drools.core.audit.event.ObjectLogEvent>
      <type>1</type>
      <factId>11</factId>
      <objectToString>Poseidón</objectToString>
    </org.drools.core.audit.event.ObjectLogEvent>
    <org.drools.core.audit.event.ObjectLogEvent>
      <type>1</type>
      <factId>12</factId>
      <objectToString>Hades</objectToString>
    </org.drools.core.audit.event.ObjectLogEvent>
    <org.drools.core.audit.event.ObjectLogEvent>
      <type>1</type>
      <factId>13</factId>
      <objectToString>Hermes</objectToString>
    </org.drools.core.audit.event.ObjectLogEvent>
    <org.drools.core.audit.event.ObjectLogEvent>
      <type>1</type>
      <factId>14</factId>
      <objectToString>Atenea</objectToString>
    </org.drools.core.audit.event.ObjectLogEvent>
    <org.drools.core.audit.event.ObjectLogEvent>
      <type>1</type>
      <factId>15</factId>
      <objectToString>Hefesto</objectToString>
    </org.drools.core.audit.event.ObjectLogEvent>
    <org.drools.core.audit.event.ObjectLogEvent>
      <type>1</type>
      <factId>16</factId>
      <objectToString>Grayas</objectToString>
    </org.drools.core.audit.event.ObjectLogEvent>
    <org.drools.core.audit.event.ObjectLogEvent>
      <type>1</type>
      <factId>17</factId>
      <objectToString>Doris</objectToString>
    </org.drools.core.audit.event.ObjectLogEvent>
    <org.drools.core.audit.event.ObjectLogEvent>
      <type>1</type>
      <factId>18</factId>
      <objectToString>Nereidas</objectToString>
    </org.drools.core.audit.event.ObjectLogEvent>
    <org.drools.core.audit.event.ObjectLogEvent>
      <type>1</type>
      <factId>19</factId>
      <objectToString>Ninfas</objectToString>
    </org.drools.core.audit.event.ObjectLogEvent>
    <org.drools.core.audit.event.ObjectLogEvent>
      <type>1</type>
      <factId>20</factId>
      <objectToString>Perseo</objectToString>
    </org.drools.core.audit.event.ObjectLogEvent>
    <org.drools.core.audit.event.ObjectLogEvent>
      <type>1</type>
      <factId>21</factId>
      <objectToString>Casiopea</objectToString>
    </org.drools.core.audit.event.ObjectLogEvent>
    <org.drools.core.audit.event.ObjectLogEvent>
      <type>1</type>
      <factId>22</factId>
      <objectToString>Andrómeda</objectToString>
    </org.drools.core.audit.event.ObjectLogEvent>
    <org.drools.core.audit.event.ObjectLogEvent>
      <type>1</type>
      <factId>23</factId>
      <objectToString>Ceto</objectToString>
    </org.drools.core.audit.event.ObjectLogEvent>
    <org.drools.core.audit.event.ObjectLogEvent>
      <type>1</type>
      <factId>24</factId>
      <objectToString>Esteno</objectToString>
    </org.drools.core.audit.event.ObjectLogEvent>
    <org.drools.core.audit.event.ObjectLogEvent>
      <type>1</type>
      <factId>25</factId>
      <objectToString>Euriale</objectToString>
    </org.drools.core.audit.event.ObjectLogEvent>
    <org.drools.core.audit.event.ObjectLogEvent>
      <type>1</type>
      <factId>26</factId>
      <objectToString>Medusa</objectToString>
    </org.drools.core.audit.event.ObjectLogEvent>
    <org.drools.core.audit.event.ObjectLogEvent>
      <type>1</type>
      <factId>27</factId>
      <objectToString>DarFavor [Atenea, Perseo]</objectToString>
    </org.drools.core.audit.event.ObjectLogEvent>
    <org.drools.core.audit.event.ObjectLogEvent>
      <type>1</type>
      <factId>28</factId>
      <objectToString>DarFavor [Hermes, Perseo]</objectToString>
    </org.drools.core.audit.event.ObjectLogEvent>
    <org.drools.core.audit.event.ObjectLogEvent>
      <type>1</type>
      <factId>29</factId>
      <objectToString>DarFavor [Hades, Perseo]</objectToString>
    </org.drools.core.audit.event.ObjectLogEvent>
    <org.drools.core.audit.event.ObjectLogEvent>
      <type>1</type>
      <factId>30</factId>
      <objectToString>DarFavor [Hefesto, Perseo]</objectToString>
    </org.drools.core.audit.event.ObjectLogEvent>
    <org.drools.core.audit.event.ObjectLogEvent>
      <type>1</type>
      <factId>31</factId>
      <objectToString>Enojar [Casiopea, Poseidón]</objectToString>
    </org.drools.core.audit.event.ObjectLogEvent>
    <org.drools.core.audit.event.ActivationLogEvent>
      <type>4</type>
      <activationId>llenar inventarios vacios [10]</activationId>
      <rule>llenar inventarios vacios</rule>
      <declarations>$p=Zeus</declarations>
      <factHandleIds>10</factHandleIds>
    </org.drools.core.audit.event.ActivationLogEvent>
    <org.drools.core.audit.event.ActivationLogEvent>
      <type>4</type>
      <activationId>llenar inventarios vacios [11]</activationId>
      <rule>llenar inventarios vacios</rule>
      <declarations>$p=Poseidón</declarations>
      <factHandleIds>11</factHandleIds>
    </org.drools.core.audit.event.ActivationLogEvent>
    <org.drools.core.audit.event.ActivationLogEvent>
      <type>4</type>
      <activationId>llenar inventarios vacios [15]</activationId>
      <rule>llenar inventarios vacios</rule>
      <declarations>$p=Hefesto</declarations>
      <factHandleIds>15</factHandleIds>
    </org.drools.core.audit.event.ActivationLogEvent>
    <org.drools.core.audit.event.ActivationLogEvent>
      <type>4</type>
      <activationId>llenar inventarios vacios [17]</activationId>
      <rule>llenar inventarios vacios</rule>
      <declarations>$p=Doris</declarations>
      <factHandleIds>17</factHandleIds>
    </org.drools.core.audit.event.ActivationLogEvent>
    <org.drools.core.audit.event.ActivationLogEvent>
      <type>4</type>
      <activationId>llenar inventarios vacios [18]</activationId>
      <rule>llenar inventarios vacios</rule>
      <declarations>$p=Nereidas</declarations>
      <factHandleIds>18</factHandleIds>
    </org.drools.core.audit.event.ActivationLogEvent>
    <org.drools.core.audit.event.ActivationLogEvent>
      <type>4</type>
      <activationId>llenar inventarios vacios [21]</activationId>
      <rule>llenar inventarios vacios</rule>
      <declarations>$p=Casiopea</declarations>
      <factHandleIds>21</factHandleIds>
    </org.drools.core.audit.event.ActivationLogEvent>
    <org.drools.core.audit.event.ActivationLogEvent>
      <type>4</type>
      <activationId>llenar inventarios vacios [22]</activationId>
      <rule>llenar inventarios vacios</rule>
      <declarations>$p=Andrómeda</declarations>
      <factHandleIds>22</factHandleIds>
    </org.drools.core.audit.event.ActivationLogEvent>
    <org.drools.core.audit.event.ActivationLogEvent>
      <type>4</type>
      <activationId>llenar inventarios vacios [23]</activationId>
      <rule>llenar inventarios vacios</rule>
      <declarations>$p=Ceto</declarations>
      <factHandleIds>23</factHandleIds>
    </org.drools.core.audit.event.ActivationLogEvent>
    <org.drools.core.audit.event.ActivationLogEvent>
      <type>4</type>
      <activationId>llenar inventarios vacios [24]</activationId>
      <rule>llenar inventarios vacios</rule>
      <declarations>$p=Esteno</declarations>
      <factHandleIds>24</factHandleIds>
    </org.drools.core.audit.event.ActivationLogEvent>
    <org.drools.core.audit.event.ActivationLogEvent>
      <type>4</type>
      <activationId>llenar inventarios vacios [25]</activationId>
      <rule>llenar inventarios vacios</rule>
      <declarations>$p=Euriale</declarations>
      <factHandleIds>25</factHandleIds>
    </org.drools.core.audit.event.ActivationLogEvent>
    <org.drools.core.audit.event.ActivationLogEvent>
      <type>4</type>
      <activationId>favores de dioses a Perseo [27]</activationId>
      <rule>favores de dioses a Perseo</rule>
      <declarations>$f=DarFavor [Atenea, Perseo]; $a=Perseo; $s=Atenea</declarations>
      <factHandleIds>27</factHandleIds>
    </org.drools.core.audit.event.ActivationLogEvent>
    <org.drools.core.audit.event.ActivationLogEvent>
      <type>4</type>
      <activationId>favores de dioses a Perseo [28]</activationId>
      <rule>favores de dioses a Perseo</rule>
      <declarations>$f=DarFavor [Hermes, Perseo]; $a=Perseo; $s=Hermes</declarations>
      <factHandleIds>28</factHandleIds>
    </org.drools.core.audit.event.ActivationLogEvent>
    <org.drools.core.audit.event.ActivationLogEvent>
      <type>4</type>
      <activationId>favores de dioses a Perseo [29]</activationId>
      <rule>favores de dioses a Perseo</rule>
      <declarations>$f=DarFavor [Hades, Perseo]; $a=Perseo; $s=Hades</declarations>
      <factHandleIds>29</factHandleIds>
    </org.drools.core.audit.event.ActivationLogEvent>
    <org.drools.core.audit.event.ActivationLogEvent>
      <type>4</type>
      <activationId>favores de dioses a Perseo [30]</activationId>
      <rule>favores de dioses a Perseo</rule>
      <declarations>$f=DarFavor [Hefesto, Perseo]; $a=Perseo; $s=Hefesto</declarations>
      <factHandleIds>30</factHandleIds>
    </org.drools.core.audit.event.ActivationLogEvent>
    <org.drools.core.audit.event.ActivationLogEvent>
      <type>4</type>
      <activationId>personajes libres y vivos [26]</activationId>
      <rule>personajes libres y vivos</rule>
      <declarations>$p=Medusa</declarations>
      <factHandleIds>26</factHandleIds>
    </org.drools.core.audit.event.ActivationLogEvent>
    <org.drools.core.audit.event.ActivationLogEvent>
      <type>4</type>
      <activationId>personajes libres y vivos [25]</activationId>
      <rule>personajes libres y vivos</rule>
      <declarations>$p=Euriale</declarations>
      <factHandleIds>25</factHandleIds>
    </org.drools.core.audit.event.ActivationLogEvent>
    <org.drools.core.audit.event.ActivationLogEvent>
      <type>4</type>
      <activationId>personajes libres y vivos [24]</activationId>
      <rule>personajes libres y vivos</rule>
      <declarations>$p=Esteno</declarations>
      <factHandleIds>24</factHandleIds>
    </org.drools.core.audit.event.ActivationLogEvent>
    <org.drools.core.audit.event.ActivationLogEvent>
      <type>4</type>
      <activationId>personajes libres y vivos [22]</activationId>
      <rule>personajes libres y vivos</rule>
      <declarations>$p=Andrómeda</declarations>
      <factHandleIds>22</factHandleIds>
    </org.drools.core.audit.event.ActivationLogEvent>
    <org.drools.core.audit.event.ActivationLogEvent>
      <type>4</type>
      <activationId>personajes libres y vivos [21]</activationId>
      <rule>personajes libres y vivos</rule>
      <declarations>$p=Casiopea</declarations>
      <factHandleIds>21</factHandleIds>
    </org.drools.core.audit.event.ActivationLogEvent>
    <org.drools.core.audit.event.ActivationLogEvent>
      <type>4</type>
      <activationId>personajes libres y vivos [20]</activationId>
      <rule>personajes libres y vivos</rule>
      <declarations>$p=Perseo</declarations>
      <factHandleIds>20</factHandleIds>
    </org.drools.core.audit.event.ActivationLogEvent>
    <org.drools.core.audit.event.ActivationLogEvent>
      <type>4</type>
      <activationId>personajes libres y vivos [19]</activationId>
      <rule>personajes libres y vivos</rule>
      <declarations>$p=Ninfas</declarations>
      <factHandleIds>19</factHandleIds>
    </org.drools.core.audit.event.ActivationLogEvent>
    <org.drools.core.audit.event.ActivationLogEvent>
      <type>4</type>
      <activationId>personajes libres y vivos [18]</activationId>
      <rule>personajes libres y vivos</rule>
      <declarations>$p=Nereidas</declarations>
      <factHandleIds>18</factHandleIds>
    </org.drools.core.audit.event.ActivationLogEvent>
    <org.drools.core.audit.event.ActivationLogEvent>
      <type>4</type>
      <activationId>personajes libres y vivos [17]</activationId>
      <rule>personajes libres y vivos</rule>
      <declarations>$p=Doris</declarations>
      <factHandleIds>17</factHandleIds>
    </org.drools.core.audit.event.ActivationLogEvent>
    <org.drools.core.audit.event.ActivationLogEvent>
      <type>4</type>
      <activationId>personajes libres y vivos [16]</activationId>
      <rule>personajes libres y vivos</rule>
      <declarations>$p=Grayas</declarations>
      <factHandleIds>16</factHandleIds>
    </org.drools.core.audit.event.ActivationLogEvent>
    <org.drools.core.audit.event.ActivationLogEvent>
      <type>4</type>
      <activationId>personajes libres y vivos [15]</activationId>
      <rule>personajes libres y vivos</rule>
      <declarations>$p=Hefesto</declarations>
      <factHandleIds>15</factHandleIds>
    </org.drools.core.audit.event.ActivationLogEvent>
    <org.drools.core.audit.event.ActivationLogEvent>
      <type>4</type>
      <activationId>personajes libres y vivos [14]</activationId>
      <rule>personajes libres y vivos</rule>
      <declarations>$p=Atenea</declarations>
      <factHandleIds>14</factHandleIds>
    </org.drools.core.audit.event.ActivationLogEvent>
    <org.drools.core.audit.event.ActivationLogEvent>
      <type>4</type>
      <activationId>personajes libres y vivos [13]</activationId>
      <rule>personajes libres y vivos</rule>
      <declarations>$p=Hermes</declarations>
      <factHandleIds>13</factHandleIds>
    </org.drools.core.audit.event.ActivationLogEvent>
    <org.drools.core.audit.event.ActivationLogEvent>
      <type>4</type>
      <activationId>personajes libres y vivos [12]</activationId>
      <rule>personajes libres y vivos</rule>
      <declarations>$p=Hades</declarations>
      <factHandleIds>12</factHandleIds>
    </org.drools.core.audit.event.ActivationLogEvent>
    <org.drools.core.audit.event.ActivationLogEvent>
      <type>4</type>
      <activationId>personajes libres y vivos [11]</activationId>
      <rule>personajes libres y vivos</rule>
      <declarations>$p=Poseidón</declarations>
      <factHandleIds>11</factHandleIds>
    </org.drools.core.audit.event.ActivationLogEvent>
    <org.drools.core.audit.event.ActivationLogEvent>
      <type>4</type>
      <activationId>personajes libres y vivos [10]</activationId>
      <rule>personajes libres y vivos</rule>
      <declarations>$p=Zeus</declarations>
      <factHandleIds>10</factHandleIds>
    </org.drools.core.audit.event.ActivationLogEvent>
    <org.drools.core.audit.event.ActivationLogEvent>
      <type>6</type>
      <activationId>personajes libres y vivos [26]</activationId>
      <rule>personajes libres y vivos</rule>
      <declarations>$p=Medusa</declarations>
      <factHandleIds>26</factHandleIds>
    </org.drools.core.audit.event.ActivationLogEvent>
    <org.drools.core.audit.event.ObjectLogEvent>
      <type>1</type>
      <factId>32</factId>
      <objectToString>Libre [Medusa]</objectToString>
    </org.drools.core.audit.event.ObjectLogEvent>
    <org.drools.core.audit.event.ObjectLogEvent>
      <type>1</type>
      <factId>33</factId>
      <objectToString>[Medusa]</objectToString>
    </org.drools.core.audit.event.ObjectLogEvent>
    <org.drools.core.audit.event.ActivationLogEvent>
      <type>7</type>
      <activationId>personajes libres y vivos [26]</activationId>
      <rule>personajes libres y vivos</rule>
      <declarations>$p=Medusa</declarations>
      <factHandleIds>26</factHandleIds>
    </org.drools.core.audit.event.ActivationLogEvent>
    <org.drools.core.audit.event.ActivationLogEvent>
      <type>6</type>
      <activationId>personajes libres y vivos [25]</activationId>
      <rule>personajes libres y vivos</rule>
      <declarations>$p=Euriale</declarations>
      <factHandleIds>25</factHandleIds>
    </org.drools.core.audit.event.ActivationLogEvent>
    <org.drools.core.audit.event.ObjectLogEvent>
      <type>1</type>
      <factId>34</factId>
      <objectToString>Libre [Euriale]</objectToString>
    </org.drools.core.audit.event.ObjectLogEvent>
    <org.drools.core.audit.event.ObjectLogEvent>
      <type>1</type>
      <factId>35</factId>
      <objectToString>[Euriale]</objectToString>
    </org.drools.core.audit.event.ObjectLogEvent>
    <org.drools.core.audit.event.ActivationLogEvent>
      <type>7</type>
      <activationId>personajes libres y vivos [25]</activationId>
      <rule>personajes libres y vivos</rule>
      <declarations>$p=Euriale</declarations>
      <factHandleIds>25</factHandleIds>
    </org.drools.core.audit.event.ActivationLogEvent>
    <org.drools.core.audit.event.ActivationLogEvent>
      <type>6</type>
      <activationId>personajes libres y vivos [24]</activationId>
      <rule>personajes libres y vivos</rule>
      <declarations>$p=Esteno</declarations>
      <factHandleIds>24</factHandleIds>
    </org.drools.core.audit.event.ActivationLogEvent>
    <org.drools.core.audit.event.ObjectLogEvent>
      <type>1</type>
      <factId>36</factId>
      <objectToString>Libre [Esteno]</objectToString>
    </org.drools.core.audit.event.ObjectLogEvent>
    <org.drools.core.audit.event.ObjectLogEvent>
      <type>1</type>
      <factId>37</factId>
      <objectToString>[Esteno]</objectToString>
    </org.drools.core.audit.event.ObjectLogEvent>
    <org.drools.core.audit.event.ActivationLogEvent>
      <type>7</type>
      <activationId>personajes libres y vivos [24]</activationId>
      <rule>personajes libres y vivos</rule>
      <declarations>$p=Esteno</declarations>
      <factHandleIds>24</factHandleIds>
    </org.drools.core.audit.event.ActivationLogEvent>
    <org.drools.core.audit.event.ActivationLogEvent>
      <type>6</type>
      <activationId>personajes libres y vivos [22]</activationId>
      <rule>personajes libres y vivos</rule>
      <declarations>$p=Andrómeda</declarations>
      <factHandleIds>22</factHandleIds>
    </org.drools.core.audit.event.ActivationLogEvent>
    <org.drools.core.audit.event.ObjectLogEvent>
      <type>1</type>
      <factId>38</factId>
      <objectToString>Libre [Andrómeda]</objectToString>
    </org.drools.core.audit.event.ObjectLogEvent>
    <org.drools.core.audit.event.ObjectLogEvent>
      <type>1</type>
      <factId>39</factId>
      <objectToString>[Andrómeda]</objectToString>
    </org.drools.core.audit.event.ObjectLogEvent>
    <org.drools.core.audit.event.ActivationLogEvent>
      <type>7</type>
      <activationId>personajes libres y vivos [22]</activationId>
      <rule>personajes libres y vivos</rule>
      <declarations>$p=Andrómeda</declarations>
      <factHandleIds>22</factHandleIds>
    </org.drools.core.audit.event.ActivationLogEvent>
    <org.drools.core.audit.event.ActivationLogEvent>
      <type>6</type>
      <activationId>personajes libres y vivos [21]</activationId>
      <rule>personajes libres y vivos</rule>
      <declarations>$p=Casiopea</declarations>
      <factHandleIds>21</factHandleIds>
    </org.drools.core.audit.event.ActivationLogEvent>
    <org.drools.core.audit.event.ObjectLogEvent>
      <type>1</type>
      <factId>40</factId>
      <objectToString>Libre [Casiopea]</objectToString>
    </org.drools.core.audit.event.ObjectLogEvent>
    <org.drools.core.audit.event.ObjectLogEvent>
      <type>1</type>
      <factId>41</factId>
      <objectToString>[Casiopea]</objectToString>
    </org.drools.core.audit.event.ObjectLogEvent>
    <org.drools.core.audit.event.ActivationLogEvent>
      <type>7</type>
      <activationId>personajes libres y vivos [21]</activationId>
      <rule>personajes libres y vivos</rule>
      <declarations>$p=Casiopea</declarations>
      <factHandleIds>21</factHandleIds>
    </org.drools.core.audit.event.ActivationLogEvent>
    <org.drools.core.audit.event.ActivationLogEvent>
      <type>6</type>
      <activationId>personajes libres y vivos [20]</activationId>
      <rule>personajes libres y vivos</rule>
      <declarations>$p=Perseo</declarations>
      <factHandleIds>20</factHandleIds>
    </org.drools.core.audit.event.ActivationLogEvent>
    <org.drools.core.audit.event.ObjectLogEvent>
      <type>1</type>
      <factId>42</factId>
      <objectToString>Libre [Perseo]</objectToString>
    </org.drools.core.audit.event.ObjectLogEvent>
    <org.drools.core.audit.event.ObjectLogEvent>
      <type>1</type>
      <factId>43</factId>
      <objectToString>[Perseo]</objectToString>
    </org.drools.core.audit.event.ObjectLogEvent>
    <org.drools.core.audit.event.ActivationLogEvent>
      <type>7</type>
      <activationId>personajes libres y vivos [20]</activationId>
      <rule>personajes libres y vivos</rule>
      <declarations>$p=Perseo</declarations>
      <factHandleIds>20</factHandleIds>
    </org.drools.core.audit.event.ActivationLogEvent>
    <org.drools.core.audit.event.ActivationLogEvent>
      <type>6</type>
      <activationId>personajes libres y vivos [19]</activationId>
      <rule>personajes libres y vivos</rule>
      <declarations>$p=Ninfas</declarations>
      <factHandleIds>19</factHandleIds>
    </org.drools.core.audit.event.ActivationLogEvent>
    <org.drools.core.audit.event.ObjectLogEvent>
      <type>1</type>
      <factId>44</factId>
      <objectToString>Libre [Ninfas]</objectToString>
    </org.drools.core.audit.event.ObjectLogEvent>
    <org.drools.core.audit.event.ObjectLogEvent>
      <type>1</type>
      <factId>45</factId>
      <objectToString>[Ninfas]</objectToString>
    </org.drools.core.audit.event.ObjectLogEvent>
    <org.drools.core.audit.event.ActivationLogEvent>
      <type>7</type>
      <activationId>personajes libres y vivos [19]</activationId>
      <rule>personajes libres y vivos</rule>
      <declarations>$p=Ninfas</declarations>
      <factHandleIds>19</factHandleIds>
    </org.drools.core.audit.event.ActivationLogEvent>
    <org.drools.core.audit.event.ActivationLogEvent>
      <type>6</type>
      <activationId>personajes libres y vivos [18]</activationId>
      <rule>personajes libres y vivos</rule>
      <declarations>$p=Nereidas</declarations>
      <factHandleIds>18</factHandleIds>
    </org.drools.core.audit.event.ActivationLogEvent>
    <org.drools.core.audit.event.ObjectLogEvent>
      <type>1</type>
      <factId>46</factId>
      <objectToString>Libre [Nereidas]</objectToString>
    </org.drools.core.audit.event.ObjectLogEvent>
    <org.drools.core.audit.event.ObjectLogEvent>
      <type>1</type>
      <factId>47</factId>
      <objectToString>[Nereidas]</objectToString>
    </org.drools.core.audit.event.ObjectLogEvent>
    <org.drools.core.audit.event.ActivationLogEvent>
      <type>7</type>
      <activationId>personajes libres y vivos [18]</activationId>
      <rule>personajes libres y vivos</rule>
      <declarations>$p=Nereidas</declarations>
      <factHandleIds>18</factHandleIds>
    </org.drools.core.audit.event.ActivationLogEvent>
    <org.drools.core.audit.event.ActivationLogEvent>
      <type>6</type>
      <activationId>personajes libres y vivos [17]</activationId>
      <rule>personajes libres y vivos</rule>
      <declarations>$p=Doris</declarations>
      <factHandleIds>17</factHandleIds>
    </org.drools.core.audit.event.ActivationLogEvent>
    <org.drools.core.audit.event.ObjectLogEvent>
      <type>1</type>
      <factId>48</factId>
      <objectToString>Libre [Doris]</objectToString>
    </org.drools.core.audit.event.ObjectLogEvent>
    <org.drools.core.audit.event.ObjectLogEvent>
      <type>1</type>
      <factId>49</factId>
      <objectToString>[Doris]</objectToString>
    </org.drools.core.audit.event.ObjectLogEvent>
    <org.drools.core.audit.event.ActivationLogEvent>
      <type>7</type>
      <activationId>personajes libres y vivos [17]</activationId>
      <rule>personajes libres y vivos</rule>
      <declarations>$p=Doris</declarations>
      <factHandleIds>17</factHandleIds>
    </org.drools.core.audit.event.ActivationLogEvent>
    <org.drools.core.audit.event.ActivationLogEvent>
      <type>6</type>
      <activationId>personajes libres y vivos [16]</activationId>
      <rule>personajes libres y vivos</rule>
      <declarations>$p=Grayas</declarations>
      <factHandleIds>16</factHandleIds>
    </org.drools.core.audit.event.ActivationLogEvent>
    <org.drools.core.audit.event.ObjectLogEvent>
      <type>1</type>
      <factId>50</factId>
      <objectToString>Libre [Grayas]</objectToString>
    </org.drools.core.audit.event.ObjectLogEvent>
    <org.drools.core.audit.event.ObjectLogEvent>
      <type>1</type>
      <factId>51</factId>
      <objectToString>[Grayas]</objectToString>
    </org.drools.core.audit.event.ObjectLogEvent>
    <org.drools.core.audit.event.ActivationLogEvent>
      <type>7</type>
      <activationId>personajes libres y vivos [16]</activationId>
      <rule>personajes libres y vivos</rule>
      <declarations>$p=Grayas</declarations>
      <factHandleIds>16</factHandleIds>
    </org.drools.core.audit.event.ActivationLogEvent>
    <org.drools.core.audit.event.ActivationLogEvent>
      <type>6</type>
      <activationId>personajes libres y vivos [15]</activationId>
      <rule>personajes libres y vivos</rule>
      <declarations>$p=Hefesto</declarations>
      <factHandleIds>15</factHandleIds>
    </org.drools.core.audit.event.ActivationLogEvent>
    <org.drools.core.audit.event.ObjectLogEvent>
      <type>1</type>
      <factId>52</factId>
      <objectToString>Libre [Hefesto]</objectToString>
    </org.drools.core.audit.event.ObjectLogEvent>
    <org.drools.core.audit.event.ObjectLogEvent>
      <type>1</type>
      <factId>53</factId>
      <objectToString>[Hefesto]</objectToString>
    </org.drools.core.audit.event.ObjectLogEvent>
    <org.drools.core.audit.event.ActivationLogEvent>
      <type>7</type>
      <activationId>personajes libres y vivos [15]</activationId>
      <rule>personajes libres y vivos</rule>
      <declarations>$p=Hefesto</declarations>
      <factHandleIds>15</factHandleIds>
    </org.drools.core.audit.event.ActivationLogEvent>
    <org.drools.core.audit.event.ActivationLogEvent>
      <type>6</type>
      <activationId>personajes libres y vivos [14]</activationId>
      <rule>personajes libres y vivos</rule>
      <declarations>$p=Atenea</declarations>
      <factHandleIds>14</factHandleIds>
    </org.drools.core.audit.event.ActivationLogEvent>
    <org.drools.core.audit.event.ObjectLogEvent>
      <type>1</type>
      <factId>54</factId>
      <objectToString>Libre [Atenea]</objectToString>
    </org.drools.core.audit.event.ObjectLogEvent>
    <org.drools.core.audit.event.ObjectLogEvent>
      <type>1</type>
      <factId>55</factId>
      <objectToString>[Atenea]</objectToString>
    </org.drools.core.audit.event.ObjectLogEvent>
    <org.drools.core.audit.event.ActivationLogEvent>
      <type>7</type>
      <activationId>personajes libres y vivos [14]</activationId>
      <rule>personajes libres y vivos</rule>
      <declarations>$p=Atenea</declarations>
      <factHandleIds>14</factHandleIds>
    </org.drools.core.audit.event.ActivationLogEvent>
    <org.drools.core.audit.event.ActivationLogEvent>
      <type>6</type>
      <activationId>personajes libres y vivos [13]</activationId>
      <rule>personajes libres y vivos</rule>
      <declarations>$p=Hermes</declarations>
      <factHandleIds>13</factHandleIds>
    </org.drools.core.audit.event.ActivationLogEvent>
    <org.drools.core.audit.event.ObjectLogEvent>
      <type>1</type>
      <factId>56</factId>
      <objectToString>Libre [Hermes]</objectToString>
    </org.drools.core.audit.event.ObjectLogEvent>
    <org.drools.core.audit.event.ObjectLogEvent>
      <type>1</type>
      <factId>57</factId>
      <objectToString>[Hermes]</objectToString>
    </org.drools.core.audit.event.ObjectLogEvent>
    <org.drools.core.audit.event.ActivationLogEvent>
      <type>7</type>
      <activationId>personajes libres y vivos [13]</activationId>
      <rule>personajes libres y vivos</rule>
      <declarations>$p=Hermes</declarations>
      <factHandleIds>13</factHandleIds>
    </org.drools.core.audit.event.ActivationLogEvent>
    <org.drools.core.audit.event.ActivationLogEvent>
      <type>6</type>
      <activationId>personajes libres y vivos [12]</activationId>
      <rule>personajes libres y vivos</rule>
      <declarations>$p=Hades</declarations>
      <factHandleIds>12</factHandleIds>
    </org.drools.core.audit.event.ActivationLogEvent>
    <org.drools.core.audit.event.ObjectLogEvent>
      <type>1</type>
      <factId>58</factId>
      <objectToString>Libre [Hades]</objectToString>
    </org.drools.core.audit.event.ObjectLogEvent>
    <org.drools.core.audit.event.ObjectLogEvent>
      <type>1</type>
      <factId>59</factId>
      <objectToString>[Hades]</objectToString>
    </org.drools.core.audit.event.ObjectLogEvent>
    <org.drools.core.audit.event.ActivationLogEvent>
      <type>7</type>
      <activationId>personajes libres y vivos [12]</activationId>
      <rule>personajes libres y vivos</rule>
      <declarations>$p=Hades</declarations>
      <factHandleIds>12</factHandleIds>
    </org.drools.core.audit.event.ActivationLogEvent>
    <org.drools.core.audit.event.ActivationLogEvent>
      <type>6</type>
      <activationId>personajes libres y vivos [11]</activationId>
      <rule>personajes libres y vivos</rule>
      <declarations>$p=Poseidón</declarations>
      <factHandleIds>11</factHandleIds>
    </org.drools.core.audit.event.ActivationLogEvent>
    <org.drools.core.audit.event.ObjectLogEvent>
      <type>1</type>
      <factId>60</factId>
      <objectToString>Libre [Poseidón]</objectToString>
    </org.drools.core.audit.event.ObjectLogEvent>
    <org.drools.core.audit.event.ObjectLogEvent>
      <type>1</type>
      <factId>61</factId>
      <objectToString>[Poseidón]</objectToString>
    </org.drools.core.audit.event.ObjectLogEvent>
    <org.drools.core.audit.event.ActivationLogEvent>
      <type>7</type>
      <activationId>personajes libres y vivos [11]</activationId>
      <rule>personajes libres y vivos</rule>
      <declarations>$p=Poseidón</declarations>
      <factHandleIds>11</factHandleIds>
    </org.drools.core.audit.event.ActivationLogEvent>
    <org.drools.core.audit.event.ActivationLogEvent>
      <type>6</type>
      <activationId>personajes libres y vivos [10]</activationId>
      <rule>personajes libres y vivos</rule>
      <declarations>$p=Zeus</declarations>
      <factHandleIds>10</factHandleIds>
    </org.drools.core.audit.event.ActivationLogEvent>
    <org.drools.core.audit.event.ObjectLogEvent>
      <type>1</type>
      <factId>62</factId>
      <objectToString>Libre [Zeus]</objectToString>
    </org.drools.core.audit.event.ObjectLogEvent>
    <org.drools.core.audit.event.ObjectLogEvent>
      <type>1</type>
      <factId>63</factId>
      <objectToString>[Zeus]</objectToString>
    </org.drools.core.audit.event.ObjectLogEvent>
    <org.drools.core.audit.event.ActivationLogEvent>
      <type>7</type>
      <activationId>personajes libres y vivos [10]</activationId>
      <rule>personajes libres y vivos</rule>
      <declarations>$p=Zeus</declarations>
      <factHandleIds>10</factHandleIds>
    </org.drools.core.audit.event.ActivationLogEvent>
    <org.drools.core.audit.event.ActivationLogEvent>
      <type>4</type>
      <activationId>CetoPreso [23]</activationId>
      <rule>CetoPreso</rule>
      <declarations>$p=Ceto</declarations>
      <factHandleIds>23</factHandleIds>
    </org.drools.core.audit.event.ActivationLogEvent>
    <org.drools.core.audit.event.ActivationLogEvent>
      <type>6</type>
      <activationId>CetoPreso [23]</activationId>
      <rule>CetoPreso</rule>
      <declarations>$p=Ceto</declarations>
      <factHandleIds>23</factHandleIds>
    </org.drools.core.audit.event.ActivationLogEvent>
    <org.drools.core.audit.event.ObjectLogEvent>
      <type>1</type>
      <factId>64</factId>
      <objectToString>Preso [Ceto]</objectToString>
    </org.drools.core.audit.event.ObjectLogEvent>
    <org.drools.core.audit.event.ObjectLogEvent>
      <type>1</type>
      <factId>65</factId>
      <objectToString>[Ceto]</objectToString>
    </org.drools.core.audit.event.ObjectLogEvent>
    <org.drools.core.audit.event.ActivationLogEvent>
      <type>7</type>
      <activationId>CetoPreso [23]</activationId>
      <rule>CetoPreso</rule>
      <declarations>$p=Ceto</declarations>
      <factHandleIds>23</factHandleIds>
    </org.drools.core.audit.event.ActivationLogEvent>
    <org.drools.core.audit.event.ActivationLogEvent>
      <type>6</type>
      <activationId>llenar inventarios vacios [10]</activationId>
      <rule>llenar inventarios vacios</rule>
      <declarations>$p=Zeus</declarations>
      <factHandleIds>10</factHandleIds>
    </org.drools.core.audit.event.ActivationLogEvent>
    <org.drools.core.audit.event.ObjectLogEvent>
      <type>2</type>
      <factId>10</factId>
      <objectToString>Zeus</objectToString>
    </org.drools.core.audit.event.ObjectLogEvent>
    <org.drools.core.audit.event.ActivationLogEvent>
      <type>7</type>
      <activationId>llenar inventarios vacios [10]</activationId>
      <rule>llenar inventarios vacios</rule>
      <declarations>$p=Zeus</declarations>
      <factHandleIds>10</factHandleIds>
    </org.drools.core.audit.event.ActivationLogEvent>
    <org.drools.core.audit.event.ActivationLogEvent>
      <type>6</type>
      <activationId>llenar inventarios vacios [11]</activationId>
      <rule>llenar inventarios vacios</rule>
      <declarations>$p=Poseidón</declarations>
      <factHandleIds>11</factHandleIds>
    </org.drools.core.audit.event.ActivationLogEvent>
    <org.drools.core.audit.event.ObjectLogEvent>
      <type>2</type>
      <factId>11</factId>
      <objectToString>Poseidón</objectToString>
    </org.drools.core.audit.event.ObjectLogEvent>
    <org.drools.core.audit.event.ActivationLogEvent>
      <type>7</type>
      <activationId>llenar inventarios vacios [11]</activationId>
      <rule>llenar inventarios vacios</rule>
      <declarations>$p=Poseidón</declarations>
      <factHandleIds>11</factHandleIds>
    </org.drools.core.audit.event.ActivationLogEvent>
    <org.drools.core.audit.event.ActivationLogEvent>
      <type>6</type>
      <activationId>llenar inventarios vacios [15]</activationId>
      <rule>llenar inventarios vacios</rule>
      <declarations>$p=Hefesto</declarations>
      <factHandleIds>15</factHandleIds>
    </org.drools.core.audit.event.ActivationLogEvent>
    <org.drools.core.audit.event.ObjectLogEvent>
      <type>2</type>
      <factId>15</factId>
      <objectToString>Hefesto</objectToString>
    </org.drools.core.audit.event.ObjectLogEvent>
    <org.drools.core.audit.event.ActivationLogEvent>
      <type>7</type>
      <activationId>llenar inventarios vacios [15]</activationId>
      <rule>llenar inventarios vacios</rule>
      <declarations>$p=Hefesto</declarations>
      <factHandleIds>15</factHandleIds>
    </org.drools.core.audit.event.ActivationLogEvent>
    <org.drools.core.audit.event.ActivationLogEvent>
      <type>6</type>
      <activationId>llenar inventarios vacios [17]</activationId>
      <rule>llenar inventarios vacios</rule>
      <declarations>$p=Doris</declarations>
      <factHandleIds>17</factHandleIds>
    </org.drools.core.audit.event.ActivationLogEvent>
    <org.drools.core.audit.event.ObjectLogEvent>
      <type>2</type>
      <factId>17</factId>
      <objectToString>Doris</objectToString>
    </org.drools.core.audit.event.ObjectLogEvent>
    <org.drools.core.audit.event.ActivationLogEvent>
      <type>7</type>
      <activationId>llenar inventarios vacios [17]</activationId>
      <rule>llenar inventarios vacios</rule>
      <declarations>$p=Doris</declarations>
      <factHandleIds>17</factHandleIds>
    </org.drools.core.audit.event.ActivationLogEvent>
    <org.drools.core.audit.event.ActivationLogEvent>
      <type>6</type>
      <activationId>llenar inventarios vacios [18]</activationId>
      <rule>llenar inventarios vacios</rule>
      <declarations>$p=Nereidas</declarations>
      <factHandleIds>18</factHandleIds>
    </org.drools.core.audit.event.ActivationLogEvent>
    <org.drools.core.audit.event.ObjectLogEvent>
      <type>2</type>
      <factId>18</factId>
      <objectToString>Nereidas</objectToString>
    </org.drools.core.audit.event.ObjectLogEvent>
    <org.drools.core.audit.event.ActivationLogEvent>
      <type>7</type>
      <activationId>llenar inventarios vacios [18]</activationId>
      <rule>llenar inventarios vacios</rule>
      <declarations>$p=Nereidas</declarations>
      <factHandleIds>18</factHandleIds>
    </org.drools.core.audit.event.ActivationLogEvent>
    <org.drools.core.audit.event.ActivationLogEvent>
      <type>6</type>
      <activationId>llenar inventarios vacios [21]</activationId>
      <rule>llenar inventarios vacios</rule>
      <declarations>$p=Casiopea</declarations>
      <factHandleIds>21</factHandleIds>
    </org.drools.core.audit.event.ActivationLogEvent>
    <org.drools.core.audit.event.ObjectLogEvent>
      <type>2</type>
      <factId>21</factId>
      <objectToString>Casiopea</objectToString>
    </org.drools.core.audit.event.ObjectLogEvent>
    <org.drools.core.audit.event.ActivationLogEvent>
      <type>7</type>
      <activationId>llenar inventarios vacios [21]</activationId>
      <rule>llenar inventarios vacios</rule>
      <declarations>$p=Casiopea</declarations>
      <factHandleIds>21</factHandleIds>
    </org.drools.core.audit.event.ActivationLogEvent>
    <org.drools.core.audit.event.ActivationLogEvent>
      <type>6</type>
      <activationId>llenar inventarios vacios [22]</activationId>
      <rule>llenar inventarios vacios</rule>
      <declarations>$p=Andrómeda</declarations>
      <factHandleIds>22</factHandleIds>
    </org.drools.core.audit.event.ActivationLogEvent>
    <org.drools.core.audit.event.ObjectLogEvent>
      <type>2</type>
      <factId>22</factId>
      <objectToString>Andrómeda</objectToString>
    </org.drools.core.audit.event.ObjectLogEvent>
    <org.drools.core.audit.event.ActivationLogEvent>
      <type>7</type>
      <activationId>llenar inventarios vacios [22]</activationId>
      <rule>llenar inventarios vacios</rule>
      <declarations>$p=Andrómeda</declarations>
      <factHandleIds>22</factHandleIds>
    </org.drools.core.audit.event.ActivationLogEvent>
    <org.drools.core.audit.event.ActivationLogEvent>
      <type>6</type>
      <activationId>llenar inventarios vacios [23]</activationId>
      <rule>llenar inventarios vacios</rule>
      <declarations>$p=Ceto</declarations>
      <factHandleIds>23</factHandleIds>
    </org.drools.core.audit.event.ActivationLogEvent>
    <org.drools.core.audit.event.ObjectLogEvent>
      <type>2</type>
      <factId>23</factId>
      <objectToString>Ceto</objectToString>
    </org.drools.core.audit.event.ObjectLogEvent>
    <org.drools.core.audit.event.ActivationLogEvent>
      <type>7</type>
      <activationId>llenar inventarios vacios [23]</activationId>
      <rule>llenar inventarios vacios</rule>
      <declarations>$p=Ceto</declarations>
      <factHandleIds>23</factHandleIds>
    </org.drools.core.audit.event.ActivationLogEvent>
    <org.drools.core.audit.event.ActivationLogEvent>
      <type>6</type>
      <activationId>llenar inventarios vacios [24]</activationId>
      <rule>llenar inventarios vacios</rule>
      <declarations>$p=Esteno</declarations>
      <factHandleIds>24</factHandleIds>
    </org.drools.core.audit.event.ActivationLogEvent>
    <org.drools.core.audit.event.ObjectLogEvent>
      <type>2</type>
      <factId>24</factId>
      <objectToString>Esteno</objectToString>
    </org.drools.core.audit.event.ObjectLogEvent>
    <org.drools.core.audit.event.ActivationLogEvent>
      <type>7</type>
      <activationId>llenar inventarios vacios [24]</activationId>
      <rule>llenar inventarios vacios</rule>
      <declarations>$p=Esteno</declarations>
      <factHandleIds>24</factHandleIds>
    </org.drools.core.audit.event.ActivationLogEvent>
    <org.drools.core.audit.event.ActivationLogEvent>
      <type>6</type>
      <activationId>llenar inventarios vacios [25]</activationId>
      <rule>llenar inventarios vacios</rule>
      <declarations>$p=Euriale</declarations>
      <factHandleIds>25</factHandleIds>
    </org.drools.core.audit.event.ActivationLogEvent>
    <org.drools.core.audit.event.ObjectLogEvent>
      <type>2</type>
      <factId>25</factId>
      <objectToString>Euriale</objectToString>
    </org.drools.core.audit.event.ObjectLogEvent>
    <org.drools.core.audit.event.ActivationLogEvent>
      <type>7</type>
      <activationId>llenar inventarios vacios [25]</activationId>
      <rule>llenar inventarios vacios</rule>
      <declarations>$p=Euriale</declarations>
      <factHandleIds>25</factHandleIds>
    </org.drools.core.audit.event.ActivationLogEvent>
    <org.drools.core.audit.event.ActivationLogEvent>
      <type>4</type>
      <activationId>casiopea enoja a poseidon [31, 23]</activationId>
      <rule>casiopea enoja a poseidon</rule>
      <declarations>$p=Ceto; $a=Enojar [Casiopea, Poseidón]</declarations>
      <factHandleIds>31,23</factHandleIds>
    </org.drools.core.audit.event.ActivationLogEvent>
    <org.drools.core.audit.event.ActivationLogEvent>
      <type>6</type>
      <activationId>casiopea enoja a poseidon [31, 23]</activationId>
      <rule>casiopea enoja a poseidon</rule>
      <declarations>$p=Ceto; $a=Enojar [Casiopea, Poseidón]</declarations>
      <factHandleIds>31,23</factHandleIds>
    </org.drools.core.audit.event.ActivationLogEvent>
    <org.drools.core.audit.event.ObjectLogEvent>
      <type>1</type>
      <factId>66</factId>
      <objectToString>Liberar [Poseidón, Ceto]</objectToString>
    </org.drools.core.audit.event.ObjectLogEvent>
    <org.drools.core.audit.event.ObjectLogEvent>
      <type>1</type>
      <factId>67</factId>
      <objectToString>Libre [Ceto]</objectToString>
    </org.drools.core.audit.event.ObjectLogEvent>
    <org.drools.core.audit.event.ActivationLogEvent>
      <type>7</type>
      <activationId>casiopea enoja a poseidon [31, 23]</activationId>
      <rule>casiopea enoja a poseidon</rule>
      <declarations>$p=Ceto; $a=Enojar [Casiopea, Poseidón]</declarations>
      <factHandleIds>31,23</factHandleIds>
    </org.drools.core.audit.event.ActivationLogEvent>
    <org.drools.core.audit.event.ActivationLogEvent>
      <type>4</type>
      <activationId>andromeda es apresada por ceto [67, 65, 22, 38]</activationId>
      <rule>andromeda es apresada por ceto</rule>
      <declarations>$p=Andrómeda; $lib=Libre [Andrómeda]; $e=Libre [Ceto]</declarations>
      <factHandleIds>67,65,22,38</factHandleIds>
    </org.drools.core.audit.event.ActivationLogEvent>
    <org.drools.core.audit.event.ActivationLogEvent>
      <type>6</type>
      <activationId>andromeda es apresada por ceto [67, 65, 22, 38]</activationId>
      <rule>andromeda es apresada por ceto</rule>
      <declarations>$p=Andrómeda; $lib=Libre [Andrómeda]; $e=Libre [Ceto]</declarations>
      <factHandleIds>67,65,22,38</factHandleIds>
    </org.drools.core.audit.event.ActivationLogEvent>
    <org.drools.core.audit.event.ObjectLogEvent>
      <type>3</type>
      <factId>38</factId>
      <objectToString>Libre [Andrómeda]</objectToString>
    </org.drools.core.audit.event.ObjectLogEvent>
    <org.drools.core.audit.event.ObjectLogEvent>
      <type>1</type>
      <factId>68</factId>
      <objectToString>Apresar [Ceto, Andrómeda]</objectToString>
    </org.drools.core.audit.event.ObjectLogEvent>
    <org.drools.core.audit.event.ObjectLogEvent>
      <type>1</type>
      <factId>69</factId>
      <objectToString>Preso [Andrómeda]</objectToString>
    </org.drools.core.audit.event.ObjectLogEvent>
    <org.drools.core.audit.event.ActivationLogEvent>
      <type>7</type>
      <activationId>andromeda es apresada por ceto [67, 65, 22, 38]</activationId>
      <rule>andromeda es apresada por ceto</rule>
      <declarations>$p=Andrómeda; $e=Libre [Ceto]</declarations>
      <factHandleIds>67,65,22,38</factHandleIds>
    </org.drools.core.audit.event.ActivationLogEvent>
    <org.drools.core.audit.event.ActivationLogEvent>
      <type>6</type>
      <activationId>favores de dioses a Perseo [27]</activationId>
      <rule>favores de dioses a Perseo</rule>
      <declarations>$f=DarFavor [Atenea, Perseo]; $a=Perseo; $s=Atenea</declarations>
      <factHandleIds>27</factHandleIds>
    </org.drools.core.audit.event.ActivationLogEvent>
    <org.drools.core.audit.event.ObjectLogEvent>
      <type>2</type>
      <factId>20</factId>
      <objectToString>Perseo</objectToString>
    </org.drools.core.audit.event.ObjectLogEvent>
    <org.drools.core.audit.event.ObjectLogEvent>
      <type>2</type>
      <factId>14</factId>
      <objectToString>Atenea</objectToString>
    </org.drools.core.audit.event.ObjectLogEvent>
    <org.drools.core.audit.event.ActivationLogEvent>
      <type>7</type>
      <activationId>favores de dioses a Perseo [27]</activationId>
      <rule>favores de dioses a Perseo</rule>
      <declarations>$f=DarFavor [Atenea, Perseo]; $a=Perseo; $s=Atenea</declarations>
      <factHandleIds>27</factHandleIds>
    </org.drools.core.audit.event.ActivationLogEvent>
    <org.drools.core.audit.event.ActivationLogEvent>
      <type>6</type>
      <activationId>favores de dioses a Perseo [28]</activationId>
      <rule>favores de dioses a Perseo</rule>
      <declarations>$f=DarFavor [Hermes, Perseo]; $a=Perseo; $s=Hermes</declarations>
      <factHandleIds>28</factHandleIds>
    </org.drools.core.audit.event.ActivationLogEvent>
    <org.drools.core.audit.event.ObjectLogEvent>
      <type>2</type>
      <factId>20</factId>
      <objectToString>Perseo</objectToString>
    </org.drools.core.audit.event.ObjectLogEvent>
    <org.drools.core.audit.event.ObjectLogEvent>
      <type>2</type>
      <factId>13</factId>
      <objectToString>Hermes</objectToString>
    </org.drools.core.audit.event.ObjectLogEvent>
    <org.drools.core.audit.event.ActivationLogEvent>
      <type>7</type>
      <activationId>favores de dioses a Perseo [28]</activationId>
      <rule>favores de dioses a Perseo</rule>
      <declarations>$f=DarFavor [Hermes, Perseo]; $a=Perseo; $s=Hermes</declarations>
      <factHandleIds>28</factHandleIds>
    </org.drools.core.audit.event.ActivationLogEvent>
    <org.drools.core.audit.event.ActivationLogEvent>
      <type>6</type>
      <activationId>favores de dioses a Perseo [29]</activationId>
      <rule>favores de dioses a Perseo</rule>
      <declarations>$f=DarFavor [Hades, Perseo]; $a=Perseo; $s=Hades</declarations>
      <factHandleIds>29</factHandleIds>
    </org.drools.core.audit.event.ActivationLogEvent>
    <org.drools.core.audit.event.ObjectLogEvent>
      <type>2</type>
      <factId>20</factId>
      <objectToString>Perseo</objectToString>
    </org.drools.core.audit.event.ObjectLogEvent>
    <org.drools.core.audit.event.ObjectLogEvent>
      <type>2</type>
      <factId>12</factId>
      <objectToString>Hades</objectToString>
    </org.drools.core.audit.event.ObjectLogEvent>
    <org.drools.core.audit.event.ActivationLogEvent>
      <type>7</type>
      <activationId>favores de dioses a Perseo [29]</activationId>
      <rule>favores de dioses a Perseo</rule>
      <declarations>$f=DarFavor [Hades, Perseo]; $a=Perseo; $s=Hades</declarations>
      <factHandleIds>29</factHandleIds>
    </org.drools.core.audit.event.ActivationLogEvent>
    <org.drools.core.audit.event.ActivationLogEvent>
      <type>6</type>
      <activationId>favores de dioses a Perseo [30]</activationId>
      <rule>favores de dioses a Perseo</rule>
      <declarations>$f=DarFavor [Hefesto, Perseo]; $a=Perseo; $s=Hefesto</declarations>
      <factHandleIds>30</factHandleIds>
    </org.drools.core.audit.event.ActivationLogEvent>
    <org.drools.core.audit.event.ObjectLogEvent>
      <type>2</type>
      <factId>20</factId>
      <objectToString>Perseo</objectToString>
    </org.drools.core.audit.event.ObjectLogEvent>
    <org.drools.core.audit.event.ObjectLogEvent>
      <type>2</type>
      <factId>15</factId>
      <objectToString>Hefesto</objectToString>
    </org.drools.core.audit.event.ObjectLogEvent>
    <org.drools.core.audit.event.ActivationLogEvent>
      <type>7</type>
      <activationId>favores de dioses a Perseo [30]</activationId>
      <rule>favores de dioses a Perseo</rule>
      <declarations>$f=DarFavor [Hefesto, Perseo]; $a=Perseo; $s=Hefesto</declarations>
      <factHandleIds>30</factHandleIds>
    </org.drools.core.audit.event.ActivationLogEvent>
    <org.drools.core.audit.event.ActivationLogEvent>
      <type>4</type>
      <activationId>perseo roba el ojo de las grayas [16, 70, 73, 20, 74, 81]</activationId>
      <rule>perseo roba el ojo de las grayas</rule>
      <declarations>$ch=Casco; $ojo=Ojo Graya; $g=Grayas; $p=Perseo; $mn=Mapa Ninfas; $mg=Mapa Grayas</declarations>
      <factHandleIds>20,16,70,73,74,81</factHandleIds>
    </org.drools.core.audit.event.ActivationLogEvent>
    <org.drools.core.audit.event.ActivationLogEvent>
      <type>6</type>
      <activationId>perseo roba el ojo de las grayas [16, 70, 73, 20, 74, 81]</activationId>
      <rule>perseo roba el ojo de las grayas</rule>
      <declarations>$ch=Casco; $ojo=Ojo Graya; $g=Grayas; $p=Perseo; $mn=Mapa Ninfas; $mg=Mapa Grayas</declarations>
      <factHandleIds>20,16,70,73,74,81</factHandleIds>
    </org.drools.core.audit.event.ActivationLogEvent>
    <org.drools.core.audit.event.ObjectLogEvent>
      <type>1</type>
      <factId>82</factId>
      <objectToString>Obtener [getSujeto()=Perseo, getAfectadoC()=Ojo Graya]</objectToString>
    </org.drools.core.audit.event.ObjectLogEvent>
    <org.drools.core.audit.event.ObjectLogEvent>
      <type>2</type>
      <factId>20</factId>
      <objectToString>Perseo</objectToString>
    </org.drools.core.audit.event.ObjectLogEvent>
    <org.drools.core.audit.event.ObjectLogEvent>
      <type>2</type>
      <factId>16</factId>
      <objectToString>Grayas</objectToString>
    </org.drools.core.audit.event.ObjectLogEvent>
    <org.drools.core.audit.event.ActivationLogEvent>
      <type>7</type>
      <activationId>perseo roba el ojo de las grayas [16, 70, 73, 20, 74, 81]</activationId>
      <rule>perseo roba el ojo de las grayas</rule>
      <declarations>$ch=Casco; $ojo=Ojo Graya; $g=Grayas; $p=Perseo; $mn=Mapa Ninfas; $mg=Mapa Grayas</declarations>
      <factHandleIds>20,16,70,73,74,81</factHandleIds>
    </org.drools.core.audit.event.ActivationLogEvent>
    <org.drools.core.audit.event.ActivationLogEvent>
      <type>4</type>
      <activationId>perseo intercambio ojo por mapa ninfas [16, 83, 20, 88]</activationId>
      <rule>perseo intercambio ojo por mapa ninfas</rule>
      <declarations>$ojo=Ojo Graya; $g=Grayas; $p=Perseo; $mn=Mapa Ninfas</declarations>
      <factHandleIds>20,16,83,88</factHandleIds>
    </org.drools.core.audit.event.ActivationLogEvent>
    <org.drools.core.audit.event.ActivationLogEvent>
      <type>6</type>
      <activationId>perseo intercambio ojo por mapa ninfas [16, 83, 20, 88]</activationId>
      <rule>perseo intercambio ojo por mapa ninfas</rule>
      <declarations>$ojo=Ojo Graya; $g=Grayas; $p=Perseo; $mn=Mapa Ninfas</declarations>
      <factHandleIds>20,16,83,88</factHandleIds>
    </org.drools.core.audit.event.ActivationLogEvent>
    <org.drools.core.audit.event.ObjectLogEvent>
      <type>1</type>
      <factId>89</factId>
      <objectToString>Obtener [getSujeto()=Perseo, getAfectadoC()=Mapa Ninfas]</objectToString>
    </org.drools.core.audit.event.ObjectLogEvent>
    <org.drools.core.audit.event.ObjectLogEvent>
      <type>1</type>
      <factId>90</factId>
      <objectToString>Obtener [getSujeto()=Grayas, getAfectadoC()=Ojo Graya]</objectToString>
    </org.drools.core.audit.event.ObjectLogEvent>
    <org.drools.core.audit.event.ObjectLogEvent>
      <type>2</type>
      <factId>20</factId>
      <objectToString>Perseo</objectToString>
    </org.drools.core.audit.event.ObjectLogEvent>
    <org.drools.core.audit.event.ObjectLogEvent>
      <type>2</type>
      <factId>16</factId>
      <objectToString>Grayas</objectToString>
    </org.drools.core.audit.event.ObjectLogEvent>
    <org.drools.core.audit.event.ActivationLogEvent>
      <type>7</type>
      <activationId>perseo intercambio ojo por mapa ninfas [16, 83, 20, 88]</activationId>
      <rule>perseo intercambio ojo por mapa ninfas</rule>
      <declarations>$ojo=Ojo Graya; $g=Grayas; $p=Perseo; $mn=Mapa Ninfas</declarations>
      <factHandleIds>20,16,83,88</factHandleIds>
    </org.drools.core.audit.event.ActivationLogEvent>
    <org.drools.core.audit.event.ActivationLogEvent>
      <type>4</type>
      <activationId>perseo obtiene inventario ninfas [20, 95, 19]</activationId>
      <rule>perseo obtiene inventario ninfas</rule>
      <declarations>$p=Perseo; $mn=Mapa Ninfas; $n=Ninfas</declarations>
      <factHandleIds>20,95,19</factHandleIds>
    </org.drools.core.audit.event.ActivationLogEvent>
    <org.drools.core.audit.event.ActivationLogEvent>
      <type>6</type>
      <activationId>perseo obtiene inventario ninfas [20, 95, 19]</activationId>
      <rule>perseo obtiene inventario ninfas</rule>
      <declarations>$p=Perseo; $mn=Mapa Ninfas; $n=Ninfas</declarations>
      <factHandleIds>20,95,19</factHandleIds>
    </org.drools.core.audit.event.ActivationLogEvent>
    <org.drools.core.audit.event.ObjectLogEvent>
      <type>2</type>
      <factId>20</factId>
      <objectToString>Perseo</objectToString>
    </org.drools.core.audit.event.ObjectLogEvent>
    <org.drools.core.audit.event.ObjectLogEvent>
      <type>2</type>
      <factId>19</factId>
      <objectToString>Ninfas</objectToString>
    </org.drools.core.audit.event.ObjectLogEvent>
    <org.drools.core.audit.event.ActivationLogEvent>
      <type>7</type>
      <activationId>perseo obtiene inventario ninfas [20, 95, 19]</activationId>
      <rule>perseo obtiene inventario ninfas</rule>
      <declarations>$p=Perseo; $mn=Mapa Ninfas; $n=Ninfas</declarations>
      <factHandleIds>20,95,19</factHandleIds>
    </org.drools.core.audit.event.ActivationLogEvent>
    <org.drools.core.audit.event.ActivationLogEvent>
      <type>4</type>
      <activationId>Capacidad Invisible [20, 100]</activationId>
      <rule>Capacidad Invisible</rule>
      <declarations>$p=Perseo; $ha=Casco</declarations>
      <factHandleIds>20,100</factHandleIds>
    </org.drools.core.audit.event.ActivationLogEvent>
    <org.drools.core.audit.event.ActivationLogEvent>
      <type>6</type>
      <activationId>Capacidad Invisible [20, 100]</activationId>
      <rule>Capacidad Invisible</rule>
      <declarations>$p=Perseo; $ha=Casco</declarations>
      <factHandleIds>20,100</factHandleIds>
    </org.drools.core.audit.event.ActivationLogEvent>
    <org.drools.core.audit.event.ObjectLogEvent>
      <type>1</type>
      <factId>105</factId>
      <objectToString>CapacidadInvisible [Perseo]</objectToString>
    </org.drools.core.audit.event.ObjectLogEvent>
    <org.drools.core.audit.event.ActivationLogEvent>
      <type>7</type>
      <activationId>Capacidad Invisible [20, 100]</activationId>
      <rule>Capacidad Invisible</rule>
      <declarations>$p=Perseo; $ha=Casco</declarations>
      <factHandleIds>20,100</factHandleIds>
    </org.drools.core.audit.event.ActivationLogEvent>
    <org.drools.core.audit.event.ActivationLogEvent>
      <type>4</type>
      <activationId>Capacidad Reflejo [20, 108]</activationId>
      <rule>Capacidad Reflejo</rule>
      <declarations>$p=Perseo; $ha=Escudo</declarations>
      <factHandleIds>20,108</factHandleIds>
    </org.drools.core.audit.event.ActivationLogEvent>
    <org.drools.core.audit.event.ActivationLogEvent>
      <type>6</type>
      <activationId>Capacidad Reflejo [20, 108]</activationId>
      <rule>Capacidad Reflejo</rule>
      <declarations>$p=Perseo; $ha=Escudo</declarations>
      <factHandleIds>20,108</factHandleIds>
    </org.drools.core.audit.event.ActivationLogEvent>
    <org.drools.core.audit.event.ObjectLogEvent>
      <type>1</type>
      <factId>115</factId>
      <objectToString>CapacidadReflej0[Perseo]</objectToString>
    </org.drools.core.audit.event.ObjectLogEvent>
    <org.drools.core.audit.event.ActivationLogEvent>
      <type>7</type>
      <activationId>Capacidad Reflejo [20, 108]</activationId>
      <rule>Capacidad Reflejo</rule>
      <declarations>$p=Perseo; $ha=Escudo</declarations>
      <factHandleIds>20,108</factHandleIds>
    </org.drools.core.audit.event.ActivationLogEvent>
    <org.drools.core.audit.event.ActivationLogEvent>
      <type>4</type>
      <activationId>Capacidad Vuelo [20, 123]</activationId>
      <rule>Capacidad Vuelo</rule>
      <declarations>$p=Perseo; $ha=Sandalias</declarations>
      <factHandleIds>20,123</factHandleIds>
    </org.drools.core.audit.event.ActivationLogEvent>
    <org.drools.core.audit.event.ActivationLogEvent>
      <type>6</type>
      <activationId>Capacidad Vuelo [20, 123]</activationId>
      <rule>Capacidad Vuelo</rule>
      <declarations>$p=Perseo; $ha=Sandalias</declarations>
      <factHandleIds>20,123</factHandleIds>
    </org.drools.core.audit.event.ActivationLogEvent>
    <org.drools.core.audit.event.ObjectLogEvent>
      <type>1</type>
      <factId>125</factId>
      <objectToString>CapacidadVuelo [Perseo]</objectToString>
    </org.drools.core.audit.event.ObjectLogEvent>
    <org.drools.core.audit.event.ActivationLogEvent>
      <type>7</type>
      <activationId>Capacidad Vuelo [20, 123]</activationId>
      <rule>Capacidad Vuelo</rule>
      <declarations>$p=Perseo; $ha=Sandalias</declarations>
      <factHandleIds>20,123</factHandleIds>
    </org.drools.core.audit.event.ActivationLogEvent>
    <org.drools.core.audit.event.ActivationLogEvent>
      <type>4</type>
      <activationId>matar a medusa [33, 20, 128, 105, 115, 125]</activationId>
      <rule>matar a medusa</rule>
      <declarations>$medusaViva=[Medusa]; $p=Perseo; $ha=Hoz Acero</declarations>
      <factHandleIds>125,33,20,128,105,115</factHandleIds>
    </org.drools.core.audit.event.ActivationLogEvent>
    <org.drools.core.audit.event.ActivationLogEvent>
      <type>6</type>
      <activationId>matar a medusa [33, 20, 128, 105, 115, 125]</activationId>
      <rule>matar a medusa</rule>
      <declarations>$medusaViva=[Medusa]; $p=Perseo; $ha=Hoz Acero</declarations>
      <factHandleIds>125,33,20,128,105,115</factHandleIds>
    </org.drools.core.audit.event.ActivationLogEvent>
    <org.drools.core.audit.event.ObjectLogEvent>
      <type>1</type>
      <factId>133</factId>
      <objectToString>Muerto [Medusa]</objectToString>
    </org.drools.core.audit.event.ObjectLogEvent>
    <org.drools.core.audit.event.ObjectLogEvent>
      <type>1</type>
      <factId>134</factId>
      <objectToString>clasesMito.acciones.Matar@644c78d4</objectToString>
    </org.drools.core.audit.event.ObjectLogEvent>
    <org.drools.core.audit.event.ObjectLogEvent>
      <type>2</type>
      <factId>20</factId>
      <objectToString>Perseo</objectToString>
    </org.drools.core.audit.event.ObjectLogEvent>
    <org.drools.core.audit.event.ObjectLogEvent>
      <type>2</type>
      <factId>26</factId>
      <objectToString>Medusa</objectToString>
    </org.drools.core.audit.event.ObjectLogEvent>
    <org.drools.core.audit.event.ObjectLogEvent>
      <type>3</type>
      <factId>33</factId>
      <objectToString>[Medusa]</objectToString>
    </org.drools.core.audit.event.ObjectLogEvent>
    <org.drools.core.audit.event.ActivationLogEvent>
      <type>7</type>
      <activationId>matar a medusa [33, 20, 128, 105, 115, 125]</activationId>
      <rule>matar a medusa</rule>
      <declarations>$p=Perseo; $ha=Hoz Acero</declarations>
      <factHandleIds>125,33,20,128,105,115</factHandleIds>
    </org.drools.core.audit.event.ActivationLogEvent>
    <org.drools.core.audit.event.ActivationLogEvent>
      <type>4</type>
      <activationId>matar a ceto [20, 142, 65, 69]</activationId>
      <rule>matar a ceto</rule>
      <declarations>$p=Perseo; $cetoVivo=[Ceto]; $andromedaPresa=Preso [Andrómeda]; $cm=Cabeza</declarations>
      <factHandleIds>69,20,142,65</factHandleIds>
    </org.drools.core.audit.event.ActivationLogEvent>
    <org.drools.core.audit.event.ActivationLogEvent>
      <type>6</type>
      <activationId>matar a ceto [20, 142, 65, 69]</activationId>
      <rule>matar a ceto</rule>
      <declarations>$p=Perseo; $cetoVivo=[Ceto]; $andromedaPresa=Preso [Andrómeda]; $cm=Cabeza</declarations>
      <factHandleIds>69,20,142,65</factHandleIds>
    </org.drools.core.audit.event.ActivationLogEvent>
    <org.drools.core.audit.event.ObjectLogEvent>
      <type>1</type>
      <factId>143</factId>
      <objectToString>clasesMito.acciones.Matar@532a02d9</objectToString>
    </org.drools.core.audit.event.ObjectLogEvent>
    <org.drools.core.audit.event.ObjectLogEvent>
      <type>1</type>
      <factId>144</factId>
      <objectToString>Muerto [Ceto]</objectToString>
    </org.drools.core.audit.event.ObjectLogEvent>
    <org.drools.core.audit.event.ObjectLogEvent>
      <type>1</type>
      <factId>145</factId>
      <objectToString>Liberar [Perseo, Andrómeda]</objectToString>
    </org.drools.core.audit.event.ObjectLogEvent>
    <org.drools.core.audit.event.ObjectLogEvent>
      <type>1</type>
      <factId>146</factId>
      <objectToString>Libre [Andrómeda]</objectToString>
    </org.drools.core.audit.event.ObjectLogEvent>
    <org.drools.core.audit.event.ObjectLogEvent>
      <type>3</type>
      <factId>69</factId>
      <objectToString>Preso [Andrómeda]</objectToString>
    </org.drools.core.audit.event.ObjectLogEvent>
    <org.drools.core.audit.event.ObjectLogEvent>
      <type>3</type>
      <factId>65</factId>
      <objectToString>[Ceto]</objectToString>
    </org.drools.core.audit.event.ObjectLogEvent>
    <org.drools.core.audit.event.ActivationLogEvent>
      <type>7</type>
      <activationId>matar a ceto [20, 142, 65, 69]</activationId>
      <rule>matar a ceto</rule>
      <declarations>$p=Perseo; $cm=Cabeza</declarations>
      <factHandleIds>69,20,142,65</factHandleIds>
    </org.drools.core.audit.event.ActivationLogEvent>
    <org.drools.core.audit.event.ActivationLogEvent>
      <type>4</type>
      <activationId>personajes libres y vivos [22]</activationId>
      <rule>personajes libres y vivos</rule>
      <declarations>$p=Andrómeda</declarations>
      <factHandleIds>69,22</factHandleIds>
    </org.drools.core.audit.event.ActivationLogEvent>
    <org.drools.core.audit.event.ActivationLogEvent>
      <type>6</type>
      <activationId>personajes libres y vivos [22]</activationId>
      <rule>personajes libres y vivos</rule>
      <declarations>$p=Andrómeda</declarations>
      <factHandleIds>69,22</factHandleIds>
    </org.drools.core.audit.event.ActivationLogEvent>
    <org.drools.core.audit.event.ObjectLogEvent>
      <type>1</type>
      <factId>147</factId>
      <objectToString>Libre [Andrómeda]</objectToString>
    </org.drools.core.audit.event.ObjectLogEvent>
    <org.drools.core.audit.event.ObjectLogEvent>
      <type>1</type>
      <factId>148</factId>
      <objectToString>[Andrómeda]</objectToString>
    </org.drools.core.audit.event.ObjectLogEvent>
    <org.drools.core.audit.event.ActivationLogEvent>
      <type>7</type>
      <activationId>personajes libres y vivos [22]</activationId>
      <rule>personajes libres y vivos</rule>
      <declarations>$p=Andrómeda</declarations>
      <factHandleIds>69,22</factHandleIds>
    </org.drools.core.audit.event.ActivationLogEvent>
  </events>
</org.drools.core.audit.WorkingMemoryLog>
</object-stream>
<org.drools.core.audit.WorkingMemoryLog>
  <version>6.1</version>
  <events/>
</org.drools.core.audit.WorkingMemoryLog>
</object-stream>
